d:\opengl_cpp\4_coordinate_system\shaders\debug\vc141.pdb
d:\opengl_cpp\4_coordinate_system\shaders\debug\vc141.idb
d:\opengl_cpp\4_coordinate_system\shaders\debug\shader.obj
d:\opengl_cpp\4_coordinate_system\shaders\debug\main.obj
d:\opengl_cpp\5_camera\shaders\debug\vc141.pdb
d:\opengl_cpp\5_camera\shaders\debug\vc141.idb
d:\opengl_cpp\5_camera\shaders\debug\shader.obj
d:\opengl_cpp\5_camera\shaders\debug\main.obj
d:\opengl_cpp\5_camera\shaders\debug\camera.obj
d:\opengl_cpp\4_coordinate_system\debug\shaders.exe
d:\opengl_cpp\4_coordinate_system\debug\shaders.ilk
d:\opengl_cpp\4_coordinate_system\debug\shaders.pdb
d:\opengl_cpp\5_camera\debug\shaders.exe
d:\opengl_cpp\5_camera\debug\shaders.ilk
d:\opengl_cpp\5_camera\debug\shaders.pdb
d:\why\opengl_cpp\5_camera\shaders\debug\camera.obj
d:\why\opengl_cpp\5_camera\shaders\debug\main.obj
d:\why\opengl_cpp\5_camera\shaders\debug\shader.obj
d:\why\opengl_cpp\5_camera\shaders\debug\vc141.idb
d:\why\opengl_cpp\5_camera\shaders\debug\vc141.pdb
d:\why\opengl_cpp\5_camera\debug\shaders.pdb
d:\why\opengl_cpp\5_camera\debug\shaders.exe
d:\why\opengl_cpp\5_camera\debug\shaders.ilk
d:\why\opengl_cpp\5_camera\shaders\debug\shaders.tlog\cl.command.1.tlog
d:\why\opengl_cpp\5_camera\shaders\debug\shaders.tlog\cl.read.1.tlog
d:\why\opengl_cpp\5_camera\shaders\debug\shaders.tlog\cl.write.1.tlog
d:\why\opengl_cpp\5_camera\shaders\debug\shaders.tlog\link.command.1.tlog
d:\why\opengl_cpp\5_camera\shaders\debug\shaders.tlog\link.read.1.tlog
d:\why\opengl_cpp\5_camera\shaders\debug\shaders.tlog\link.write.1.tlog
